<?xml version="1.0" encoding="UTF-8"?>
<!-- Generated by org.testng.reporters.JUnitReportReporter -->
<testsuite skipped="0" hostname="IN-BLR-WKS310" name="com.qakeshav.parameterTestUsingTestng.ParameterTest" tests="1" failures="0" timestamp="20 Oct 2018 18:30:09 GMT" time="0.000" errors="1">
  <testcase name="ScheduleAgelogintest" time="0.000" classname="com.qakeshav.parameterTestUsingTestng.ParameterTest">
    <error type="org.testng.TestNGException" message="
Parameter &#039;browser&#039; is required by @Test on method ScheduleAgelogintest but has not been marked @Optional or defined
">
      <![CDATA[org.testng.TestNGException: Parameter 'browser' is required by @Test on method ScheduleAgelogintest but has not been marked @Optional or definedat org.testng.internal.Parameters.createParams(Parameters.java:290)at org.testng.internal.Parameters.createParametersForMethod(Parameters.java:359)at org.testng.internal.Parameters.createParameters(Parameters.java:620)at org.testng.internal.Parameters.handleParameters(Parameters.java:769)at org.testng.internal.ParameterHandler.handleParameters(ParameterHandler.java:49)at org.testng.internal.ParameterHandler.createParameters(ParameterHandler.java:37)at org.testng.internal.Invoker.invokeTestMethods(Invoker.java:914)at org.testng.internal.TestMethodWorker.invokeTestMethods(TestMethodWorker.java:125)at org.testng.internal.TestMethodWorker.run(TestMethodWorker.java:109)at org.testng.TestRunner.privateRun(TestRunner.java:648)at org.testng.TestRunner.run(TestRunner.java:505)at org.testng.SuiteRunner.runTest(SuiteRunner.java:455)at org.testng.SuiteRunner.runSequentially(SuiteRunner.java:450)at org.testng.SuiteRunner.privateRun(SuiteRunner.java:415)at org.testng.SuiteRunner.run(SuiteRunner.java:364)at org.testng.SuiteRunnerWorker.runSuite(SuiteRunnerWorker.java:52)at org.testng.SuiteRunnerWorker.run(SuiteRunnerWorker.java:84)at org.testng.TestNG.runSuitesSequentially(TestNG.java:1187)at org.testng.TestNG.runSuitesLocally(TestNG.java:1116)at org.testng.TestNG.runSuites(TestNG.java:1028)at org.testng.TestNG.run(TestNG.java:996)at org.infinitest.testrunner.JUnit4Runner.runTestNGTest(JUnit4Runner.java:83)at org.infinitest.testrunner.JUnit4Runner.runTest(JUnit4Runner.java:63)at org.infinitest.testrunner.TestRunnerProcess.runTest(TestRunnerProcess.java:70)at org.infinitest.testrunner.TestRunnerProcess.writeTestResultToOutputStream(TestRunnerProcess.java:112)at org.infinitest.testrunner.TestRunnerProcess.main(TestRunnerProcess.java:89)]]>
    </error>
  </testcase> <!-- ScheduleAgelogintest -->
</testsuite> <!-- com.qakeshav.parameterTestUsingTestng.ParameterTest -->
