<?xml version="1.0" encoding="UTF-8"?>
<!-- Generated by org.testng.reporters.JUnitReportReporter -->
<testsuite skipped="5" hostname="IN-BLR-WKS310" name="com.qakeshav.test.CpmTest" tests="7" failures="0" timestamp="27 Sep 2018 18:39:42 GMT" time="37.931" errors="1">
  <testcase name="setUp" time="37.887" classname="com.qakeshav.test.CpmTest">
    <error type="org.openqa.selenium.WebDriverException" message="Failed to decode response from marionette
Build info: version: &#039;3.11.0&#039;, revision: &#039;e59cfb3&#039;, time: &#039;2018-03-11T20:26:55.152Z&#039;
System info: host: &#039;IN-BLR-WKS310&#039;, ip: &#039;192.168.0.101&#039;, os.name: &#039;Windows 8.1&#039;, os.arch: &#039;amd64&#039;, os.version: &#039;6.3&#039;, java.version: &#039;1.8.0_144&#039;
Driver info: org.openqa.selenium.firefox.FirefoxDriver
Capabilities {acceptInsecureCerts: true, browserName: firefox, browserVersion: 62.0.2, javascriptEnabled: true, moz:accessibilityChecks: false, moz:headless: false, moz:processID: 272, moz:profile: C:\Users\Keshav.Singh\AppDa..., moz:useNonSpecCompliantPointerOrigin: false, moz:webdriverClick: true, pageLoadStrategy: normal, platform: XP, platformName: XP, platformVersion: 6.3, rotatable: false, timeouts: {implicit: 0, pageLoad: 300000, script: 30000}}
Session ID: 576884fd-5d69-49f6-b980-5375b1c79cea">
      <![CDATA[org.openqa.selenium.WebDriverException: Failed to decode response from marionetteBuild info: version: '3.11.0', revision: 'e59cfb3', time: '2018-03-11T20:26:55.152Z'System info: host: 'IN-BLR-WKS310', ip: '192.168.0.101', os.name: 'Windows 8.1', os.arch: 'amd64', os.version: '6.3', java.version: '1.8.0_144'Driver info: org.openqa.selenium.firefox.FirefoxDriverCapabilities {acceptInsecureCerts: true, browserName: firefox, browserVersion: 62.0.2, javascriptEnabled: true, moz:accessibilityChecks: false, moz:headless: false, moz:processID: 272, moz:profile: C:\Users\Keshav.Singh\AppDa..., moz:useNonSpecCompliantPointerOrigin: false, moz:webdriverClick: true, pageLoadStrategy: normal, platform: XP, platformName: XP, platformVersion: 6.3, rotatable: false, timeouts: {implicit: 0, pageLoad: 300000, script: 30000}}Session ID: 576884fd-5d69-49f6-b980-5375b1c79ceaat sun.reflect.NativeConstructorAccessorImpl.newInstance0(Native Method)at sun.reflect.NativeConstructorAccessorImpl.newInstance(Unknown Source)at sun.reflect.DelegatingConstructorAccessorImpl.newInstance(Unknown Source)at java.lang.reflect.Constructor.newInstance(Unknown Source)at org.openqa.selenium.remote.http.W3CHttpResponseCodec.createException(W3CHttpResponseCodec.java:187)at org.openqa.selenium.remote.http.W3CHttpResponseCodec.decode(W3CHttpResponseCodec.java:122)at org.openqa.selenium.remote.http.W3CHttpResponseCodec.decode(W3CHttpResponseCodec.java:49)at org.openqa.selenium.remote.HttpCommandExecutor.execute(HttpCommandExecutor.java:158)at org.openqa.selenium.remote.service.DriverCommandExecutor.execute(DriverCommandExecutor.java:83)at org.openqa.selenium.remote.RemoteWebDriver.execute(RemoteWebDriver.java:545)at org.openqa.selenium.remote.RemoteWebDriver.execute(RemoteWebDriver.java:602)at org.openqa.selenium.remote.RemoteWebDriver$RemoteWebDriverOptions$RemoteWindow.maximize(RemoteWebDriver.java:836)at com.qakeshav.test.CpmTest.setUp(CpmTest.java:36)at sun.reflect.NativeMethodAccessorImpl.invoke0(Native Method)at sun.reflect.NativeMethodAccessorImpl.invoke(Unknown Source)at sun.reflect.DelegatingMethodAccessorImpl.invoke(Unknown Source)at java.lang.reflect.Method.invoke(Unknown Source)at org.testng.internal.MethodInvocationHelper.invokeMethod(MethodInvocationHelper.java:124)at org.testng.internal.MethodInvocationHelper.invokeMethodConsideringTimeout(MethodInvocationHelper.java:59)at org.testng.internal.Invoker.invokeConfigurationMethod(Invoker.java:451)at org.testng.internal.Invoker.invokeConfigurations(Invoker.java:222)at org.testng.internal.Invoker.invokeMethod(Invoker.java:516)at org.testng.internal.Invoker.invokeTestMethod(Invoker.java:707)at org.testng.internal.Invoker.invokeTestMethods(Invoker.java:979)at org.testng.internal.TestMethodWorker.invokeTestMethods(TestMethodWorker.java:125)at org.testng.internal.TestMethodWorker.run(TestMethodWorker.java:109)at org.testng.TestRunner.privateRun(TestRunner.java:648)at org.testng.TestRunner.run(TestRunner.java:505)at org.testng.SuiteRunner.runTest(SuiteRunner.java:455)at org.testng.SuiteRunner.runSequentially(SuiteRunner.java:450)at org.testng.SuiteRunner.privateRun(SuiteRunner.java:415)at org.testng.SuiteRunner.run(SuiteRunner.java:364)at org.testng.SuiteRunnerWorker.runSuite(SuiteRunnerWorker.java:52)at org.testng.SuiteRunnerWorker.run(SuiteRunnerWorker.java:84)at org.testng.TestNG.runSuitesSequentially(TestNG.java:1187)at org.testng.TestNG.runSuitesLocally(TestNG.java:1116)at org.testng.TestNG.runSuites(TestNG.java:1028)at org.testng.TestNG.run(TestNG.java:996)at org.infinitest.testrunner.JUnit4Runner.runTestNGTest(JUnit4Runner.java:83)at org.infinitest.testrunner.JUnit4Runner.runTest(JUnit4Runner.java:63)at org.infinitest.testrunner.TestRunnerProcess.runTest(TestRunnerProcess.java:70)at org.infinitest.testrunner.TestRunnerProcess.writeTestResultToOutputStream(TestRunnerProcess.java:112)at org.infinitest.testrunner.TestRunnerProcess.main(TestRunnerProcess.java:89)]]>
    </error>
  </testcase> <!-- setUp -->
  <testcase name="cpmSiteTest" time="0.044" classname="com.qakeshav.test.CpmTest"/>
  <testcase name="cpmLogoTest" time="0.000" classname="com.qakeshav.test.CpmTest">
    <skipped/>
  </testcase> <!-- cpmLogoTest -->
  <testcase name="cpmLoginLogoTest" time="0.000" classname="com.qakeshav.test.CpmTest">
    <skipped/>
  </testcase> <!-- cpmLoginLogoTest -->
  <testcase name="cpmEmailTitleTest" time="0.000" classname="com.qakeshav.test.CpmTest">
    <skipped/>
  </testcase> <!-- cpmEmailTitleTest -->
  <testcase name="cpmPasswordTitleTest" time="0.000" classname="com.qakeshav.test.CpmTest">
    <skipped/>
  </testcase> <!-- cpmPasswordTitleTest -->
  <testcase name="forgotPasswordlinkTest" time="0.000" classname="com.qakeshav.test.CpmTest">
    <skipped/>
  </testcase> <!-- forgotPasswordlinkTest -->
</testsuite> <!-- com.qakeshav.test.CpmTest -->
